<?xml version="1.0" encoding="UTF-8"?>
<testng-results ignored="0" total="2" passed="2" failed="0" skipped="0">
  <reporter-output>
  </reporter-output>
  <suite started-at="2020-11-07T21:50:31 ICT" name="Form authentication" finished-at="2020-11-07T21:50:59 ICT" duration-ms="27981">
    <groups>
    </groups>
    <test started-at="2020-11-07T21:50:31 ICT" name="run on chrome browser" finished-at="2020-11-07T21:50:40 ICT" duration-ms="9221">
      <class name="testcases.LoginTest">
        <test-method is-config="true" signature="setUp(java.lang.String)[pri:0, instance:testcases.LoginTest@59717824]" started-at="2020-11-07T21:50:31 ICT" name="setUp" finished-at="2020-11-07T21:50:34 ICT" duration-ms="2448" status="PASS">
          <params>
            <param index="0">
              <value>
                <![CDATA[chrome]]>
              </value>
            </param>
          </params>
          <reporter-output>
          </reporter-output>
        </test-method> <!-- setUp -->
        <test-method signature="withValidCredentials()[pri:0, instance:testcases.LoginTest@59717824]" started-at="2020-11-07T21:50:34 ICT" name="withValidCredentials" finished-at="2020-11-07T21:50:40 ICT" duration-ms="6623" status="PASS">
          <reporter-output>
          </reporter-output>
        </test-method> <!-- withValidCredentials -->
        <test-method is-config="true" signature="tearDown()[pri:0, instance:testcases.LoginTest@59717824]" started-at="2020-11-07T21:50:40 ICT" name="tearDown" finished-at="2020-11-07T21:50:40 ICT" duration-ms="118" status="PASS">
          <reporter-output>
          </reporter-output>
        </test-method> <!-- tearDown -->
      </class> <!-- testcases.LoginTest -->
    </test> <!-- run on chrome browser -->
    <test started-at="2020-11-07T21:50:45 ICT" name="run on firefox browser" finished-at="2020-11-07T21:50:59 ICT" duration-ms="13691">
      <class name="testcases.LoginTest">
        <test-method is-config="true" signature="setUp(java.lang.String)[pri:0, instance:testcases.LoginTest@4461c7e3]" started-at="2020-11-07T21:50:45 ICT" name="setUp" finished-at="2020-11-07T21:50:49 ICT" duration-ms="3069" status="PASS">
          <params>
            <param index="0">
              <value>
                <![CDATA[firefox]]>
              </value>
            </param>
          </params>
          <reporter-output>
          </reporter-output>
        </test-method> <!-- setUp -->
        <test-method signature="withValidCredentials()[pri:0, instance:testcases.LoginTest@4461c7e3]" started-at="2020-11-07T21:50:49 ICT" name="withValidCredentials" finished-at="2020-11-07T21:50:56 ICT" duration-ms="7915" status="PASS">
          <reporter-output>
          </reporter-output>
        </test-method> <!-- withValidCredentials -->
        <test-method is-config="true" signature="tearDown()[pri:0, instance:testcases.LoginTest@4461c7e3]" started-at="2020-11-07T21:50:56 ICT" name="tearDown" finished-at="2020-11-07T21:50:59 ICT" duration-ms="2705" status="PASS">
          <reporter-output>
          </reporter-output>
        </test-method> <!-- tearDown -->
      </class> <!-- testcases.LoginTest -->
    </test> <!-- run on firefox browser -->
  </suite> <!-- Form authentication -->
</testng-results>
